<?xml version="1.0" encoding="UTF-8"?>
<!-- Generated by org.testng.reporters.JUnitReportReporter -->
<testsuite hostname="DESKTOP-ATARMCK" failures="0" tests="1" name="com.Organization.CreateOrganizationTest" time="19.939" errors="0" timestamp="2022-10-10T13:22:27 IST" skipped="0">
  <testcase classname="com.Organization.CreateOrganizationTest" name="createOrganization" time="19.939"/>
  <system-out/>
</testsuite> <!-- com.Organization.CreateOrganizationTest -->
