<?xml version="1.0" encoding="UTF-8"?>
<!-- Generated by org.testng.reporters.JUnitReportReporter -->
<testsuite hostname="DESKTOP-ATARMCK" failures="0" tests="1" name="com.crm.Product.DeleteProduct" time="21.897" errors="0" timestamp="2022-10-04T13:50:59 IST" skipped="0">
  <testcase classname="com.crm.Product.DeleteProduct" name="deleteProduct" time="21.897"/>
  <system-out/>
</testsuite> <!-- com.crm.Product.DeleteProduct -->
