<?xml version="1.0" encoding="UTF-8"?>
<!-- Generated by org.testng.reporters.JUnitReportReporter -->
<testsuite hostname="DESKTOP-ATARMCK" failures="0" tests="3" name="practice.Sample1" time="0.013" errors="0" timestamp="2022-10-06T11:23:23 IST" skipped="0">
  <testcase classname="practice.Sample1" name="m2" time="0.003"/>
  <system-out/>
  <testcase classname="practice.Sample1" name="m1" time="0.007"/>
  <system-out/>
  <testcase classname="practice.Sample1" name="m3" time="0.003"/>
  <system-out/>
</testsuite> <!-- practice.Sample1 -->
