<?xml version="1.0" encoding="UTF-8"?>
<!-- Generated by org.testng.reporters.JUnitReportReporter -->
<testsuite hostname="DESKTOP-ATARMCK" failures="0" tests="2" name="practice.HardAssert" time="0.017" errors="0" timestamp="2022-10-07T11:12:11 IST" skipped="0">
  <testcase classname="practice.HardAssert" name="createCustomerTest" time="0.016"/>
  <system-out/>
  <testcase classname="practice.HardAssert" name="modifyCustomerTest" time="0.001"/>
  <system-out/>
</testsuite> <!-- practice.HardAssert -->
