<?xml version="1.0" encoding="UTF-8"?>
<!-- Generated by org.testng.reporters.JUnitReportReporter -->
<testsuite hostname="DESKTOP-ATARMCK" failures="0" tests="1" name="com.crm.Campaign.CreateCampaign" time="18.120" errors="0" timestamp="2022-10-04T13:41:27 IST" skipped="0">
  <testcase classname="com.crm.Campaign.CreateCampaign" name="createCampaign" time="18.120"/>
  <system-out/>
</testsuite> <!-- com.crm.Campaign.CreateCampaign -->
