<?xml version="1.0" encoding="UTF-8"?>
<!-- Generated by org.testng.reporters.JUnitReportReporter -->
<testsuite hostname="DESKTOP-ATARMCK" failures="0" tests="1" name="com.crm.Product.DeleteProductTest" time="26.300" errors="0" timestamp="2022-10-10T13:21:54 IST" skipped="0">
  <testcase classname="com.crm.Product.DeleteProductTest" name="deleteProduct" time="26.300"/>
  <system-out/>
</testsuite> <!-- com.crm.Product.DeleteProductTest -->
