<?xml version="1.0" encoding="UTF-8"?>
<!-- Generated by org.testng.reporters.JUnitReportReporter -->
<testsuite hostname="DESKTOP-ATARMCK" failures="0" tests="3" name="practice.DataProvider1" time="43.731" errors="0" timestamp="2022-10-14T12:02:47 IST" skipped="0">
  <testcase classname="practice.DataProvider1" name="companyDetails" time="14.521"/>
  <system-out/>
  <testcase classname="practice.DataProvider1" name="companyDetails" time="14.860"/>
  <system-out/>
  <testcase classname="practice.DataProvider1" name="companyDetails" time="14.350"/>
  <system-out/>
</testsuite> <!-- practice.DataProvider1 -->
