<?xml version="1.0" encoding="UTF-8"?>
<!-- Generated by org.testng.reporters.JUnitReportReporter -->
<testsuite hostname="DESKTOP-ATARMCK" failures="0" tests="5" name="practice.DataProviderTest" time="0.012" errors="0" timestamp="2022-10-07T10:17:37 IST" skipped="0">
  <testcase classname="practice.DataProviderTest" name="bookTickets" time="0.000"/>
  <system-out/>
  <testcase classname="practice.DataProviderTest" name="bookTickets" time="0.002"/>
  <system-out/>
  <testcase classname="practice.DataProviderTest" name="bookTickets" time="0.007"/>
  <system-out/>
  <testcase classname="practice.DataProviderTest" name="bookTickets" time="0.002"/>
  <system-out/>
  <testcase classname="practice.DataProviderTest" name="bookTickets" time="0.001"/>
  <system-out/>
</testsuite> <!-- practice.DataProviderTest -->
