<?xml version="1.0" encoding="UTF-8"?>
<!-- Generated by org.testng.reporters.JUnitReportReporter -->
<testsuite hostname="DESKTOP-ATARMCK" failures="0" tests="1" name="practice.CreateParameter" time="1.786" errors="0" timestamp="2022-10-11T12:42:40 IST" skipped="0">
  <testcase classname="practice.CreateParameter" name="createParameter" time="1.786"/>
  <system-out/>
</testsuite> <!-- practice.CreateParameter -->
