<?xml version="1.0" encoding="UTF-8"?>
<!-- Generated by org.testng.reporters.JUnitReportReporter -->
<testsuite hostname="DESKTOP-ATARMCK" failures="0" tests="1" name="com.crm.Product.CreateProductTest" time="18.805" errors="0" timestamp="2022-10-10T13:21:09 IST" skipped="0">
  <testcase classname="com.crm.Product.CreateProductTest" name="createProduct" time="18.805"/>
  <system-out/>
</testsuite> <!-- com.crm.Product.CreateProductTest -->
