<?xml version="1.0" encoding="UTF-8"?>
<!-- Generated by org.testng.reporters.JUnitReportReporter -->
<testsuite hostname="DESKTOP-ATARMCK" failures="0" tests="1" name="com.crm.Campaign.CreateCampaignTest" time="21.299" errors="0" timestamp="2022-10-10T13:12:29 IST" skipped="0">
  <testcase classname="com.crm.Campaign.CreateCampaignTest" name="createCampaign" time="21.299"/>
  <system-out/>
</testsuite> <!-- com.crm.Campaign.CreateCampaignTest -->
