<?xml version="1.0" encoding="UTF-8"?>
<!-- Generated by org.testng.reporters.JUnitReportReporter -->
<testsuite hostname="DESKTOP-ATARMCK" failures="0" tests="1" name="com.Organization.CreateOrganization" time="22.102" errors="0" timestamp="2022-10-04T13:58:23 IST" skipped="0">
  <testcase classname="com.Organization.CreateOrganization" name="createOrganization" time="22.102"/>
  <system-out/>
</testsuite> <!-- com.Organization.CreateOrganization -->
