<?xml version="1.0" encoding="UTF-8"?>
<!-- Generated by org.testng.reporters.JUnitReportReporter -->
<testsuite hostname="DESKTOP-ATARMCK" failures="0" tests="1" name="com.crm.Product.CreateProduct" time="20.793" errors="0" timestamp="2022-10-04T13:47:15 IST" skipped="0">
  <testcase classname="com.crm.Product.CreateProduct" name="createProduct" time="20.793"/>
  <system-out/>
</testsuite> <!-- com.crm.Product.CreateProduct -->
